Using pre-set license
Built from '2020.3/staging' branch; Version is '2020.3.16f1 (049d6eca3c44) revision 302446'; Using compiler version '192528614'; Build Type 'Release'
OS: 'Windows 10 Pro; OS build 19043.1237; Version 2009; 64bit' Language: 'en' Physical Memory: 16268 MB
BatchMode: 1, IsHumanControllingUs: 0, StartBugReporterOnCrash: 0, Is64bit: 1, IsPro: 0

 COMMAND LINE ARGUMENTS:
C:\Program Files\Unity\Hub\Editor\2020.3.16f1\Editor\Unity.exe
-adb2
-batchMode
-noUpm
-name
AssetImportWorker0
-projectPath
C:/Users/ADMIN/Documents/GitHub/relentless
-logFile
Logs/AssetImportWorker0.log
-srvPort
52994
Successfully changed project path to: C:/Users/ADMIN/Documents/GitHub/relentless
C:/Users/ADMIN/Documents/GitHub/relentless
Using Asset Import Pipeline V2.
Refreshing native plugins compatible for Editor in 245.93 ms, found 2 plugins.
Preloading 0 native plugins for Editor in 0.00 ms.
Initialize engine version: 2020.3.16f1 (049d6eca3c44)
[Subsystems] Discovering subsystems at path C:/Program Files/Unity/Hub/Editor/2020.3.16f1/Editor/Data/Resources/UnitySubsystems
[Subsystems] Discovering subsystems at path C:/Users/ADMIN/Documents/GitHub/relentless/Assets
GfxDevice: creating device client; threaded=0
Direct3D:
    Version:  Direct3D 11.0 [level 11.1]
    Renderer: NVIDIA GeForce GTX 1050 Ti (ID=0x1c8c)
    Vendor:   
    VRAM:     4021 MB
    Driver:   30.0.14.7196
Initialize mono
Mono path[0] = 'C:/Program Files/Unity/Hub/Editor/2020.3.16f1/Editor/Data/Managed'
Mono path[1] = 'C:/Program Files/Unity/Hub/Editor/2020.3.16f1/Editor/Data/MonoBleedingEdge/lib/mono/unityjit'
Mono config path = 'C:/Program Files/Unity/Hub/Editor/2020.3.16f1/Editor/Data/MonoBleedingEdge/etc'
Using monoOptions --debugger-agent=transport=dt_socket,embedding=1,server=y,suspend=n,address=127.0.0.1:56344
Begin MonoManager ReloadAssembly
Registering precompiled unity dll's ...
Register platform support module: C:/Program Files/Unity/Hub/Editor/2020.3.16f1/Editor/Data/PlaybackEngines/WindowsStandaloneSupport/UnityEditor.WindowsStandalone.Extensions.dll
Registered in 0.003897 seconds.
Native extension for WindowsStandalone target not found
Refreshing native plugins compatible for Editor in 70.39 ms, found 2 plugins.
Preloading 0 native plugins for Editor in 0.00 ms.
Mono: successfully reloaded assembly
- Completed reload, in  9.110 seconds
Domain Reload Profiling:
	ReloadAssembly (9111ms)
		BeginReloadAssembly (3214ms)
			ExecutionOrderSort (0ms)
			DisableScriptedObjects (0ms)
			BackupInstance (0ms)
			ReleaseScriptingObjects (0ms)
			CreateAndSetChildDomain (1ms)
		EndReloadAssembly (1247ms)
			LoadAssemblies (3211ms)
			RebuildTransferFunctionScriptingTraits (0ms)
			SetupTypeCache (725ms)
			ReleaseScriptCaches (0ms)
			RebuildScriptCaches (73ms)
			SetupLoadedEditorAssemblies (282ms)
				LogAssemblyErrors (0ms)
				InitializePlatformSupportModulesInManaged (8ms)
				SetLoadedEditorAssemblies (0ms)
				RefreshPlugins (71ms)
				BeforeProcessingInitializeOnLoad (28ms)
				ProcessInitializeOnLoadAttributes (124ms)
				ProcessInitializeOnLoadMethodAttributes (51ms)
				AfterProcessingInitializeOnLoad (0ms)
				EditorAssembliesLoaded (0ms)
			ExecutionOrderSort2 (0ms)
			AwakeInstancesAfterBackupRestoration (0ms)
Platform modules already initialized, skipping
Registering precompiled user dll's ...
Registered in 0.183208 seconds.
Begin MonoManager ReloadAssembly
Native extension for WindowsStandalone target not found
Refreshing native plugins compatible for Editor in 0.40 ms, found 2 plugins.
Preloading 0 native plugins for Editor in 0.00 ms.
Mono: successfully reloaded assembly
- Completed reload, in  1.827 seconds
Domain Reload Profiling:
	ReloadAssembly (1828ms)
		BeginReloadAssembly (222ms)
			ExecutionOrderSort (0ms)
			DisableScriptedObjects (8ms)
			BackupInstance (0ms)
			ReleaseScriptingObjects (0ms)
			CreateAndSetChildDomain (28ms)
		EndReloadAssembly (1513ms)
			LoadAssemblies (128ms)
			RebuildTransferFunctionScriptingTraits (0ms)
			SetupTypeCache (550ms)
			ReleaseScriptCaches (0ms)
			RebuildScriptCaches (69ms)
			SetupLoadedEditorAssemblies (637ms)
				LogAssemblyErrors (0ms)
				InitializePlatformSupportModulesInManaged (5ms)
				SetLoadedEditorAssemblies (0ms)
				RefreshPlugins (0ms)
				BeforeProcessingInitializeOnLoad (100ms)
				ProcessInitializeOnLoadAttributes (507ms)
				ProcessInitializeOnLoadMethodAttributes (11ms)
				AfterProcessingInitializeOnLoad (12ms)
				EditorAssembliesLoaded (0ms)
			ExecutionOrderSort2 (0ms)
			AwakeInstancesAfterBackupRestoration (9ms)
Platform modules already initialized, skipping
========================================================================
Worker process is ready to serve import requests
Launched and connected shader compiler UnityShaderCompiler.exe after 0.17 seconds
Refreshing native plugins compatible for Editor in 0.76 ms, found 2 plugins.
Preloading 0 native plugins for Editor in 0.00 ms.
Unloading 1527 Unused Serialized files (Serialized files now loaded: 0)
System memory in use before: 71.9 MB.
System memory in use after: 72.0 MB.

Unloading 22 unused Assets to reduce memory usage. Loaded Objects now: 1965.
Total: 11.773800 ms (FindLiveObjects: 0.198000 ms CreateObjectMapping: 0.056800 ms MarkObjects: 11.130800 ms  DeleteObjects: 0.381000 ms)

AssetImportParameters requested are different than current active one (requested -> active):
  custom:framework-win-MediaFoundation: 216162199b28c13a410421893ffa2e32 -> 
  custom:video-decoder-ogg-theora: a1e56fd34408186e4bbccfd4996cb3dc -> 
  custom:container-muxer-webm: aa71ff27fc2769a1b78a27578f13a17b -> 
  custom:container-demuxer-webm: 4f35f7cbe854078d1ac9338744f61a02 -> 
  custom:container-demuxer-ogg: 62fdf1f143b41e24485cea50d1cbac27 -> 
  custom:video-encoder-webm-vp8: eb34c28f22e8b96e1ab97ce403110664 -> 
  custom:video-decoder-webm-vp8: 9c59270c3fd7afecdb556c50c9e8de78 -> 
  custom:audio-decoder-ogg-vorbis: bf7c407c2cedff20999df2af8eb42d56 -> 
  custom:audio-encoder-webm-vorbis: bf7c407c2cedff20999df2af8eb42d56 -> 
========================================================================
Received Import Request.
  path: Assets/Scripts/PauseMenu.cs
  artifactKey: Guid(dc2167008d979ea49b3b9406d8660da9) Importer(815301076,1909f56bfc062723c751e8b465ee728b)
Start importing Assets/Scripts/PauseMenu.cs using Guid(dc2167008d979ea49b3b9406d8660da9) Importer(815301076,1909f56bfc062723c751e8b465ee728b)  -> (artifact id: 'a50580a6658aec24731b410b1d6b25bd') in 0.071545 seconds 
  Import took 0.082575 seconds .

========================================================================
Received Import Request.
  Time since last request: 7.850341 seconds.
  path: Assets/Scripts/DeathMenu.cs
  artifactKey: Guid(94d007a6771d3864bb34565dddc36942) Importer(815301076,1909f56bfc062723c751e8b465ee728b)
Start importing Assets/Scripts/DeathMenu.cs using Guid(94d007a6771d3864bb34565dddc36942) Importer(815301076,1909f56bfc062723c751e8b465ee728b)  -> (artifact id: 'd3075bec12d9f9ee3d8033940b3824ea') in 0.017134 seconds 
  Import took 0.021106 seconds .

========================================================================
Received Import Request.
  Time since last request: 0.001482 seconds.
  path: Assets/Scripts/DeathMenu.cs
  artifactKey: Guid(94d007a6771d3864bb34565dddc36942) Importer(815301076,1909f56bfc062723c751e8b465ee728b)
Start importing Assets/Scripts/DeathMenu.cs using Guid(94d007a6771d3864bb34565dddc36942) Importer(815301076,1909f56bfc062723c751e8b465ee728b)  -> (artifact id: 'd3075bec12d9f9ee3d8033940b3824ea') in 0.006840 seconds 
  Import took 0.014149 seconds .

========================================================================
Received Import Request.
  Time since last request: 7.570500 seconds.
  path: Assets/Scripts/DeathMenu.cs
  artifactKey: Guid(94d007a6771d3864bb34565dddc36942) Importer(815301076,1909f56bfc062723c751e8b465ee728b)
Start importing Assets/Scripts/DeathMenu.cs using Guid(94d007a6771d3864bb34565dddc36942) Importer(815301076,1909f56bfc062723c751e8b465ee728b)  -> (artifact id: 'ad5d8996323d4e6fa9830138cf476019') in 0.006263 seconds 
  Import took 0.009535 seconds .

========================================================================
Received Import Request.
  Time since last request: 0.000748 seconds.
  path: Assets/Scripts/DeathMenu.cs
  artifactKey: Guid(94d007a6771d3864bb34565dddc36942) Importer(815301076,1909f56bfc062723c751e8b465ee728b)
Start importing Assets/Scripts/DeathMenu.cs using Guid(94d007a6771d3864bb34565dddc36942) Importer(815301076,1909f56bfc062723c751e8b465ee728b)  -> (artifact id: 'ad5d8996323d4e6fa9830138cf476019') in 0.004944 seconds 
  Import took 0.009327 seconds .

========================================================================
Received Prepare
Registering precompiled user dll's ...
Registered in 0.005699 seconds.
Begin MonoManager ReloadAssembly
Native extension for WindowsStandalone target not found
Refreshing native plugins compatible for Editor in 0.69 ms, found 2 plugins.
Preloading 0 native plugins for Editor in 0.00 ms.
Mono: successfully reloaded assembly
- Completed reload, in  1.382 seconds
Domain Reload Profiling:
	ReloadAssembly (1382ms)
		BeginReloadAssembly (136ms)
			ExecutionOrderSort (0ms)
			DisableScriptedObjects (6ms)
			BackupInstance (0ms)
			ReleaseScriptingObjects (0ms)
			CreateAndSetChildDomain (43ms)
		EndReloadAssembly (1162ms)
			LoadAssemblies (110ms)
			RebuildTransferFunctionScriptingTraits (0ms)
			SetupTypeCache (364ms)
			ReleaseScriptCaches (1ms)
			RebuildScriptCaches (57ms)
			SetupLoadedEditorAssemblies (481ms)
				LogAssemblyErrors (0ms)
				InitializePlatformSupportModulesInManaged (6ms)
				SetLoadedEditorAssemblies (1ms)
				RefreshPlugins (1ms)
				BeforeProcessingInitializeOnLoad (95ms)
				ProcessInitializeOnLoadAttributes (349ms)
				ProcessInitializeOnLoadMethodAttributes (16ms)
				AfterProcessingInitializeOnLoad (12ms)
				EditorAssembliesLoaded (0ms)
			ExecutionOrderSort2 (0ms)
			AwakeInstancesAfterBackupRestoration (9ms)
Platform modules already initialized, skipping
Refreshing native plugins compatible for Editor in 0.71 ms, found 2 plugins.
Preloading 0 native plugins for Editor in 0.00 ms.
Unloading 1511 Unused Serialized files (Serialized files now loaded: 0)
System memory in use before: 70.7 MB.
System memory in use after: 70.8 MB.

Unloading 13 unused Assets to reduce memory usage. Loaded Objects now: 1967.
Total: 6.031300 ms (FindLiveObjects: 0.239500 ms CreateObjectMapping: 0.066500 ms MarkObjects: 5.653800 ms  DeleteObjects: 0.051000 ms)

AssetImportParameters requested are different than current active one (requested -> active):
  custom:framework-win-MediaFoundation: 216162199b28c13a410421893ffa2e32 -> 
  custom:video-decoder-ogg-theora: a1e56fd34408186e4bbccfd4996cb3dc -> 
  custom:container-muxer-webm: aa71ff27fc2769a1b78a27578f13a17b -> 
  custom:container-demuxer-webm: 4f35f7cbe854078d1ac9338744f61a02 -> 
  custom:container-demuxer-ogg: 62fdf1f143b41e24485cea50d1cbac27 -> 
  custom:video-encoder-webm-vp8: eb34c28f22e8b96e1ab97ce403110664 -> 
  custom:video-decoder-webm-vp8: 9c59270c3fd7afecdb556c50c9e8de78 -> 
  custom:audio-decoder-ogg-vorbis: bf7c407c2cedff20999df2af8eb42d56 -> 
  custom:audio-encoder-webm-vorbis: bf7c407c2cedff20999df2af8eb42d56 -> 
========================================================================
Received Import Request.
  Time since last request: 1940.087293 seconds.
  path: Assets/Scripts/buttonblank.png
  artifactKey: Guid(4ed0cfe6ff90b984e9703ee5beec2748) Importer(815301076,1909f56bfc062723c751e8b465ee728b)
Start importing Assets/Scripts/buttonblank.png using Guid(4ed0cfe6ff90b984e9703ee5beec2748) Importer(815301076,1909f56bfc062723c751e8b465ee728b)  -> (artifact id: 'c1431920e91b1ca424927e39203647b5') in 0.172201 seconds 
  Import took 0.175949 seconds .

========================================================================
Received Import Request.
  Time since last request: 28.621451 seconds.
  path: Assets/Prefabs/PauseCanvas.prefab
  artifactKey: Guid(20a10154a044bf14fb1eef599008aa80) Importer(815301076,1909f56bfc062723c751e8b465ee728b)
Start importing Assets/Prefabs/PauseCanvas.prefab using Guid(20a10154a044bf14fb1eef599008aa80) Importer(815301076,1909f56bfc062723c751e8b465ee728b)  -> (artifact id: '58de5e1616dcfb8ed11aa4e760a8e30b') in 1.169216 seconds 
  Import took 1.173818 seconds .

========================================================================
Received Import Request.
  Time since last request: 8.134926 seconds.
  path: Assets/Prefabs/PauseCanvas.prefab
  artifactKey: Guid(20a10154a044bf14fb1eef599008aa80) Importer(815301076,1909f56bfc062723c751e8b465ee728b)
Start importing Assets/Prefabs/PauseCanvas.prefab using Guid(20a10154a044bf14fb1eef599008aa80) Importer(815301076,1909f56bfc062723c751e8b465ee728b)  -> (artifact id: 'fdee0602cd8c90bc74832f796d7bb16d') in 0.043760 seconds 
  Import took 0.047672 seconds .

========================================================================
Received Import Request.
  Time since last request: 14.253657 seconds.
  path: Assets/buttonblank.png
  artifactKey: Guid(22f143f7b77967744b6864fe11201c43) Importer(815301076,1909f56bfc062723c751e8b465ee728b)
Start importing Assets/buttonblank.png using Guid(22f143f7b77967744b6864fe11201c43) Importer(815301076,1909f56bfc062723c751e8b465ee728b)  -> (artifact id: 'da39188120b0ff460534d438ef24e462') in 0.370983 seconds 
  Import took 0.374117 seconds .

========================================================================
Received Import Request.
  Time since last request: 152.747505 seconds.
  path: Assets/Scenes/Battle 1.unity
  artifactKey: Guid(50f5253e92876254e9bcd1897c33b3af) Importer(815301076,1909f56bfc062723c751e8b465ee728b)
Start importing Assets/Scenes/Battle 1.unity using Guid(50f5253e92876254e9bcd1897c33b3af) Importer(815301076,1909f56bfc062723c751e8b465ee728b)  -> (artifact id: '45c9607496d6a3928d36ed512be49ecf') in 0.961280 seconds 
  Import took 0.965063 seconds .

========================================================================
Received Import Request.
  Time since last request: 20.356020 seconds.
  path: Assets/Scenes/Menu.unity
  artifactKey: Guid(c58b02561a1407543913a5a490282674) Importer(815301076,1909f56bfc062723c751e8b465ee728b)
Start importing Assets/Scenes/Menu.unity using Guid(c58b02561a1407543913a5a490282674) Importer(815301076,1909f56bfc062723c751e8b465ee728b)  -> (artifact id: '869195959e6e861feaf32cceb7a27c92') in 0.972162 seconds 
  Import took 0.975952 seconds .

========================================================================
Received Prepare
Registering precompiled user dll's ...
Registered in 0.005515 seconds.
Begin MonoManager ReloadAssembly
Native extension for WindowsStandalone target not found
Refreshing native plugins compatible for Editor in 0.35 ms, found 2 plugins.
Preloading 0 native plugins for Editor in 0.00 ms.
Mono: successfully reloaded assembly
- Completed reload, in  1.244 seconds
Domain Reload Profiling:
	ReloadAssembly (1245ms)
		BeginReloadAssembly (137ms)
			ExecutionOrderSort (0ms)
			DisableScriptedObjects (7ms)
			BackupInstance (0ms)
			ReleaseScriptingObjects (0ms)
			CreateAndSetChildDomain (39ms)
		EndReloadAssembly (1032ms)
			LoadAssemblies (97ms)
			RebuildTransferFunctionScriptingTraits (0ms)
			SetupTypeCache (332ms)
			ReleaseScriptCaches (1ms)
			RebuildScriptCaches (62ms)
			SetupLoadedEditorAssemblies (415ms)
				LogAssemblyErrors (0ms)
				InitializePlatformSupportModulesInManaged (5ms)
				SetLoadedEditorAssemblies (1ms)
				RefreshPlugins (0ms)
				BeforeProcessingInitializeOnLoad (82ms)
				ProcessInitializeOnLoadAttributes (311ms)
				ProcessInitializeOnLoadMethodAttributes (7ms)
				AfterProcessingInitializeOnLoad (8ms)
				EditorAssembliesLoaded (0ms)
			ExecutionOrderSort2 (0ms)
			AwakeInstancesAfterBackupRestoration (8ms)
Platform modules already initialized, skipping
Refreshing native plugins compatible for Editor in 0.41 ms, found 2 plugins.
Preloading 0 native plugins for Editor in 0.00 ms.
Unloading 1511 Unused Serialized files (Serialized files now loaded: 0)
System memory in use before: 73.9 MB.
System memory in use after: 74.0 MB.

Unloading 14 unused Assets to reduce memory usage. Loaded Objects now: 1975.
Total: 3.439700 ms (FindLiveObjects: 0.181800 ms CreateObjectMapping: 0.061800 ms MarkObjects: 3.152500 ms  DeleteObjects: 0.042300 ms)

AssetImportParameters requested are different than current active one (requested -> active):
  custom:framework-win-MediaFoundation: 216162199b28c13a410421893ffa2e32 -> 
  custom:video-decoder-ogg-theora: a1e56fd34408186e4bbccfd4996cb3dc -> 
  custom:container-muxer-webm: aa71ff27fc2769a1b78a27578f13a17b -> 
  custom:container-demuxer-webm: 4f35f7cbe854078d1ac9338744f61a02 -> 
  custom:container-demuxer-ogg: 62fdf1f143b41e24485cea50d1cbac27 -> 
  custom:video-encoder-webm-vp8: eb34c28f22e8b96e1ab97ce403110664 -> 
  custom:video-decoder-webm-vp8: 9c59270c3fd7afecdb556c50c9e8de78 -> 
  custom:audio-decoder-ogg-vorbis: bf7c407c2cedff20999df2af8eb42d56 -> 
  custom:audio-encoder-webm-vorbis: bf7c407c2cedff20999df2af8eb42d56 -> 
========================================================================
Received Prepare
Registering precompiled user dll's ...
Registered in 0.004449 seconds.
Begin MonoManager ReloadAssembly
Native extension for WindowsStandalone target not found
Refreshing native plugins compatible for Editor in 0.37 ms, found 2 plugins.
Preloading 0 native plugins for Editor in 0.00 ms.
Mono: successfully reloaded assembly
- Completed reload, in  1.210 seconds
Domain Reload Profiling:
	ReloadAssembly (1211ms)
		BeginReloadAssembly (139ms)
			ExecutionOrderSort (0ms)
			DisableScriptedObjects (6ms)
			BackupInstance (0ms)
			ReleaseScriptingObjects (0ms)
			CreateAndSetChildDomain (38ms)
		EndReloadAssembly (995ms)
			LoadAssemblies (102ms)
			RebuildTransferFunctionScriptingTraits (0ms)
			SetupTypeCache (311ms)
			ReleaseScriptCaches (1ms)
			RebuildScriptCaches (46ms)
			SetupLoadedEditorAssemblies (394ms)
				LogAssemblyErrors (0ms)
				InitializePlatformSupportModulesInManaged (6ms)
				SetLoadedEditorAssemblies (1ms)
				RefreshPlugins (0ms)
				BeforeProcessingInitializeOnLoad (88ms)
				ProcessInitializeOnLoadAttributes (284ms)
				ProcessInitializeOnLoadMethodAttributes (8ms)
				AfterProcessingInitializeOnLoad (7ms)
				EditorAssembliesLoaded (0ms)
			ExecutionOrderSort2 (0ms)
			AwakeInstancesAfterBackupRestoration (8ms)
Platform modules already initialized, skipping
Refreshing native plugins compatible for Editor in 0.58 ms, found 2 plugins.
Preloading 0 native plugins for Editor in 0.00 ms.
Unloading 1511 Unused Serialized files (Serialized files now loaded: 0)
System memory in use before: 73.9 MB.
System memory in use after: 74.0 MB.

Unloading 13 unused Assets to reduce memory usage. Loaded Objects now: 1977.
Total: 4.061400 ms (FindLiveObjects: 0.177900 ms CreateObjectMapping: 0.045600 ms MarkObjects: 3.786200 ms  DeleteObjects: 0.047900 ms)

AssetImportParameters requested are different than current active one (requested -> active):
  custom:framework-win-MediaFoundation: 216162199b28c13a410421893ffa2e32 -> 
  custom:video-decoder-ogg-theora: a1e56fd34408186e4bbccfd4996cb3dc -> 
  custom:container-muxer-webm: aa71ff27fc2769a1b78a27578f13a17b -> 
  custom:container-demuxer-webm: 4f35f7cbe854078d1ac9338744f61a02 -> 
  custom:container-demuxer-ogg: 62fdf1f143b41e24485cea50d1cbac27 -> 
  custom:video-encoder-webm-vp8: eb34c28f22e8b96e1ab97ce403110664 -> 
  custom:video-decoder-webm-vp8: 9c59270c3fd7afecdb556c50c9e8de78 -> 
  custom:audio-decoder-ogg-vorbis: bf7c407c2cedff20999df2af8eb42d56 -> 
  custom:audio-encoder-webm-vorbis: bf7c407c2cedff20999df2af8eb42d56 -> 
========================================================================
Received Import Request.
  Time since last request: 180.957442 seconds.
  path: Assets/1.png
  artifactKey: Guid(b0518b22745c926488e1821f4d4d8948) Importer(815301076,1909f56bfc062723c751e8b465ee728b)
Start importing Assets/1.png using Guid(b0518b22745c926488e1821f4d4d8948) Importer(815301076,1909f56bfc062723c751e8b465ee728b)  -> (artifact id: '2a9321873adc5110a549d9cb088e5ae5') in 1.034469 seconds 
  Import took 1.038773 seconds .

========================================================================
Received Import Request.
  Time since last request: 0.000315 seconds.
  path: Assets/4.png
  artifactKey: Guid(ca14ed67f9f6bf642ac7f35621137663) Importer(815301076,1909f56bfc062723c751e8b465ee728b)
Start importing Assets/4.png using Guid(ca14ed67f9f6bf642ac7f35621137663) Importer(815301076,1909f56bfc062723c751e8b465ee728b)  -> (artifact id: '611b9955e965ad6df9d6e75b9fd7dd20') in 0.025284 seconds 
  Import took 0.029022 seconds .

========================================================================
Received Import Request.
  Time since last request: 0.000248 seconds.
  path: Assets/2.png
  artifactKey: Guid(8d9444e32ac443c4dbee1dc9b9248c40) Importer(815301076,1909f56bfc062723c751e8b465ee728b)
Start importing Assets/2.png using Guid(8d9444e32ac443c4dbee1dc9b9248c40) Importer(815301076,1909f56bfc062723c751e8b465ee728b)  -> (artifact id: '689e5fe5c91ef2364d2afdb8f6eaf526') in 0.027416 seconds 
  Import took 0.032805 seconds .

========================================================================
Received Import Request.
  Time since last request: 0.000388 seconds.
  path: Assets/3.png
  artifactKey: Guid(5cc2fce4ed0fb4847a52f4253c9565c0) Importer(815301076,1909f56bfc062723c751e8b465ee728b)
Start importing Assets/3.png using Guid(5cc2fce4ed0fb4847a52f4253c9565c0) Importer(815301076,1909f56bfc062723c751e8b465ee728b)  -> (artifact id: '989cdf1dd1ff663cf86d510ddea074ce') in 0.026487 seconds 
  Import took 0.031989 seconds .

========================================================================
Received Import Request.
  Time since last request: 60.422710 seconds.
  path: Assets/5.png
  artifactKey: Guid(c29c30b4fdf4981479793891cc5a5d84) Importer(815301076,1909f56bfc062723c751e8b465ee728b)
Start importing Assets/5.png using Guid(c29c30b4fdf4981479793891cc5a5d84) Importer(815301076,1909f56bfc062723c751e8b465ee728b)  -> (artifact id: '4569112e1e64682a786f5e78f2f529ef') in 0.361456 seconds 
  Import took 0.365911 seconds .

========================================================================
Received Import Request.
  Time since last request: 0.000322 seconds.
  path: Assets/6.png
  artifactKey: Guid(fabf6dd9a01e95f48904d5a4e073c1af) Importer(815301076,1909f56bfc062723c751e8b465ee728b)
Start importing Assets/6.png using Guid(fabf6dd9a01e95f48904d5a4e073c1af) Importer(815301076,1909f56bfc062723c751e8b465ee728b)  -> (artifact id: 'b7b0b6aaa28b5dc9c9cabf321414e2fb') in 0.024705 seconds 
  Import took 0.028255 seconds .

========================================================================
Received Import Request.
  Time since last request: 0.000261 seconds.
  path: Assets/8.png
  artifactKey: Guid(ce192d8d6d790f044a85699a444a1719) Importer(815301076,1909f56bfc062723c751e8b465ee728b)
Start importing Assets/8.png using Guid(ce192d8d6d790f044a85699a444a1719) Importer(815301076,1909f56bfc062723c751e8b465ee728b)  -> (artifact id: '9b5a60dc58d0f26432f911323de71615') in 0.028651 seconds 
  Import took 0.034148 seconds .

========================================================================
Received Import Request.
  Time since last request: 0.000436 seconds.
  path: Assets/7.png
  artifactKey: Guid(3d4f630873fc78248b6f1581cbd2efda) Importer(815301076,1909f56bfc062723c751e8b465ee728b)
Start importing Assets/7.png using Guid(3d4f630873fc78248b6f1581cbd2efda) Importer(815301076,1909f56bfc062723c751e8b465ee728b)  -> (artifact id: '90d5f032ed518b1d26eaad15ad55887c') in 0.021764 seconds 
  Import took 0.028131 seconds .

========================================================================
Received Import Request.
  Time since last request: 15.572736 seconds.
  path: Assets/MENU.png
  artifactKey: Guid(e0302b372ea9bf54da919ad3f0982f81) Importer(815301076,1909f56bfc062723c751e8b465ee728b)
Start importing Assets/MENU.png using Guid(e0302b372ea9bf54da919ad3f0982f81) Importer(815301076,1909f56bfc062723c751e8b465ee728b)  -> (artifact id: '8197e09f5fe512dc8690d2f2ab8c1657') in 0.962904 seconds 
  Import took 0.966737 seconds .

========================================================================
Received Import Request.
  Time since last request: 1389.459338 seconds.
  path: Assets/Prefabs/PauseCanvas.prefab
  artifactKey: Guid(20a10154a044bf14fb1eef599008aa80) Importer(815301076,1909f56bfc062723c751e8b465ee728b)
Start importing Assets/Prefabs/PauseCanvas.prefab using Guid(20a10154a044bf14fb1eef599008aa80) Importer(815301076,1909f56bfc062723c751e8b465ee728b)  -> (artifact id: '970c56b848487ca89e69fdd505678045') in 1.062992 seconds 
  Import took 1.068040 seconds .

========================================================================
Received Import Request.
  Time since last request: 4.174277 seconds.
  path: Assets/Prefabs/PauseCanvas.prefab
  artifactKey: Guid(20a10154a044bf14fb1eef599008aa80) Importer(815301076,1909f56bfc062723c751e8b465ee728b)
Start importing Assets/Prefabs/PauseCanvas.prefab using Guid(20a10154a044bf14fb1eef599008aa80) Importer(815301076,1909f56bfc062723c751e8b465ee728b)  -> (artifact id: '89a715786b48838eac40005c56e4c05e') in 0.036699 seconds 
  Import took 0.042748 seconds .

========================================================================
Received Import Request.
  Time since last request: 4.197581 seconds.
  path: Assets/Prefabs/PauseCanvas.prefab
  artifactKey: Guid(20a10154a044bf14fb1eef599008aa80) Importer(815301076,1909f56bfc062723c751e8b465ee728b)
Start importing Assets/Prefabs/PauseCanvas.prefab using Guid(20a10154a044bf14fb1eef599008aa80) Importer(815301076,1909f56bfc062723c751e8b465ee728b)  -> (artifact id: '6a8b141b2dd10d29985086609d81d2b8') in 0.038188 seconds 
  Import took 0.045102 seconds .

========================================================================
Received Import Request.
  Time since last request: 9.448491 seconds.
  path: Assets/Prefabs/PauseCanvas.prefab
  artifactKey: Guid(20a10154a044bf14fb1eef599008aa80) Importer(815301076,1909f56bfc062723c751e8b465ee728b)
Start importing Assets/Prefabs/PauseCanvas.prefab using Guid(20a10154a044bf14fb1eef599008aa80) Importer(815301076,1909f56bfc062723c751e8b465ee728b)  -> (artifact id: '55ff5f60630d7752e9eb043f2982f34f') in 0.034890 seconds 
  Import took 0.039031 seconds .

========================================================================
Received Import Request.
  Time since last request: 23.166625 seconds.
  path: Assets/Prefabs/PauseCanvas.prefab
  artifactKey: Guid(20a10154a044bf14fb1eef599008aa80) Importer(815301076,1909f56bfc062723c751e8b465ee728b)
Start importing Assets/Prefabs/PauseCanvas.prefab using Guid(20a10154a044bf14fb1eef599008aa80) Importer(815301076,1909f56bfc062723c751e8b465ee728b)  -> (artifact id: '699e1682c14dd3c1fea3927820b6603c') in 0.962517 seconds 
  Import took 0.967403 seconds .

========================================================================
Received Import Request.
  Time since last request: 14.850685 seconds.
  path: Assets/Prefabs/LoseCanvas.prefab
  artifactKey: Guid(6650aaaa7182bcc4bac3603a5a871895) Importer(815301076,1909f56bfc062723c751e8b465ee728b)
Start importing Assets/Prefabs/LoseCanvas.prefab using Guid(6650aaaa7182bcc4bac3603a5a871895) Importer(815301076,1909f56bfc062723c751e8b465ee728b)  -> (artifact id: 'acbfdca18e72d909bfaab9266f8fa939') in 0.388228 seconds 
  Import took 0.392561 seconds .

========================================================================
Received Import Request.
  Time since last request: 4.654781 seconds.
  path: Assets/Prefabs/LoseCanvas.prefab
  artifactKey: Guid(6650aaaa7182bcc4bac3603a5a871895) Importer(815301076,1909f56bfc062723c751e8b465ee728b)
Start importing Assets/Prefabs/LoseCanvas.prefab using Guid(6650aaaa7182bcc4bac3603a5a871895) Importer(815301076,1909f56bfc062723c751e8b465ee728b)  -> (artifact id: '7bcee01023d1d9049e5aaf9372630b00') in 0.031125 seconds 
  Import took 0.035276 seconds .

========================================================================
Received Import Request.
  Time since last request: 1.550530 seconds.
  path: Assets/Prefabs/LoseCanvas.prefab
  artifactKey: Guid(6650aaaa7182bcc4bac3603a5a871895) Importer(815301076,1909f56bfc062723c751e8b465ee728b)
Start importing Assets/Prefabs/LoseCanvas.prefab using Guid(6650aaaa7182bcc4bac3603a5a871895) Importer(815301076,1909f56bfc062723c751e8b465ee728b)  -> (artifact id: 'b047a3f0220291657a0a6dbfd13cd5b3') in 0.033702 seconds 
  Import took 0.037401 seconds .

========================================================================
Received Import Request.
  Time since last request: 275.486567 seconds.
  path: Assets/Prefabs/LoseCanvas.prefab
  artifactKey: Guid(6650aaaa7182bcc4bac3603a5a871895) Importer(815301076,1909f56bfc062723c751e8b465ee728b)
Start importing Assets/Prefabs/LoseCanvas.prefab using Guid(6650aaaa7182bcc4bac3603a5a871895) Importer(815301076,1909f56bfc062723c751e8b465ee728b)  -> (artifact id: 'a938bd52065d45aa0bbe3ba898a66d5e') in 0.991398 seconds 
  Import took 0.997159 seconds .

========================================================================
Received Prepare
Refreshing native plugins compatible for Editor in 3.20 ms, found 2 plugins.
Preloading 0 native plugins for Editor in 0.00 ms.
Unloading 12 Unused Serialized files (Serialized files now loaded: 0)
System memory in use before: 45.4 MB.
System memory in use after: 45.5 MB.

Unloading 11 unused Assets to reduce memory usage. Loaded Objects now: 1978.
Total: 4.147900 ms (FindLiveObjects: 0.162400 ms CreateObjectMapping: 0.061300 ms MarkObjects: 3.878500 ms  DeleteObjects: 0.044400 ms)

AssetImportParameters requested are different than current active one (requested -> active):
  custom:framework-win-MediaFoundation: 216162199b28c13a410421893ffa2e32 -> 
  custom:video-decoder-ogg-theora: a1e56fd34408186e4bbccfd4996cb3dc -> 
  custom:container-muxer-webm: aa71ff27fc2769a1b78a27578f13a17b -> 
  custom:container-demuxer-webm: 4f35f7cbe854078d1ac9338744f61a02 -> 
  custom:container-demuxer-ogg: 62fdf1f143b41e24485cea50d1cbac27 -> 
  custom:video-encoder-webm-vp8: eb34c28f22e8b96e1ab97ce403110664 -> 
  custom:video-decoder-webm-vp8: 9c59270c3fd7afecdb556c50c9e8de78 -> 
  custom:audio-decoder-ogg-vorbis: bf7c407c2cedff20999df2af8eb42d56 -> 
  custom:audio-encoder-webm-vorbis: bf7c407c2cedff20999df2af8eb42d56 -> 
========================================================================
Received Import Request.
  Time since last request: 301.305958 seconds.
  path: Assets/Scenes/Menu 1.unity
  artifactKey: Guid(391a107782c044e40be355fbf361ad42) Importer(815301076,1909f56bfc062723c751e8b465ee728b)
Start importing Assets/Scenes/Menu 1.unity using Guid(391a107782c044e40be355fbf361ad42) Importer(815301076,1909f56bfc062723c751e8b465ee728b)  -> (artifact id: '9b385d4d2f2c3b6933dbaa387f7d3801') in 0.960958 seconds 
  Import took 0.965491 seconds .

========================================================================
Received Import Request.
  Time since last request: 54.605694 seconds.
  path: Assets/Scenes/Menu 1.unity
  artifactKey: Guid(391a107782c044e40be355fbf361ad42) Importer(815301076,1909f56bfc062723c751e8b465ee728b)
Start importing Assets/Scenes/Menu 1.unity using Guid(391a107782c044e40be355fbf361ad42) Importer(815301076,1909f56bfc062723c751e8b465ee728b)  -> (artifact id: '9cbe0c088a956cb953d313ed0a4c3be7') in 0.966700 seconds 
  Import took 0.970661 seconds .

========================================================================
Received Import Request.
  Time since last request: 11.028296 seconds.
  path: Assets/Scenes/LevelSelect.unity
  artifactKey: Guid(391a107782c044e40be355fbf361ad42) Importer(815301076,1909f56bfc062723c751e8b465ee728b)
Start importing Assets/Scenes/LevelSelect.unity using Guid(391a107782c044e40be355fbf361ad42) Importer(815301076,1909f56bfc062723c751e8b465ee728b)  -> (artifact id: '2b2896253d62efc07564aced82e3dbfc') in 0.358167 seconds 
  Import took 0.361666 seconds .

========================================================================
Received Prepare
Registering precompiled user dll's ...
Registered in 0.004057 seconds.
Begin MonoManager ReloadAssembly
Native extension for WindowsStandalone target not found
Refreshing native plugins compatible for Editor in 0.37 ms, found 2 plugins.
Preloading 0 native plugins for Editor in 0.00 ms.
Mono: successfully reloaded assembly
- Completed reload, in  1.420 seconds
Domain Reload Profiling:
	ReloadAssembly (1421ms)
		BeginReloadAssembly (144ms)
			ExecutionOrderSort (0ms)
			DisableScriptedObjects (6ms)
			BackupInstance (0ms)
			ReleaseScriptingObjects (0ms)
			CreateAndSetChildDomain (46ms)
		EndReloadAssembly (1199ms)
			LoadAssemblies (100ms)
			RebuildTransferFunctionScriptingTraits (0ms)
			SetupTypeCache (384ms)
			ReleaseScriptCaches (1ms)
			RebuildScriptCaches (60ms)
			SetupLoadedEditorAssemblies (459ms)
				LogAssemblyErrors (0ms)
				InitializePlatformSupportModulesInManaged (5ms)
				SetLoadedEditorAssemblies (1ms)
				RefreshPlugins (0ms)
				BeforeProcessingInitializeOnLoad (104ms)
				ProcessInitializeOnLoadAttributes (334ms)
				ProcessInitializeOnLoadMethodAttributes (8ms)
				AfterProcessingInitializeOnLoad (7ms)
				EditorAssembliesLoaded (0ms)
			ExecutionOrderSort2 (0ms)
			AwakeInstancesAfterBackupRestoration (8ms)
Platform modules already initialized, skipping
Refreshing native plugins compatible for Editor in 0.69 ms, found 2 plugins.
Preloading 0 native plugins for Editor in 0.00 ms.
Unloading 1512 Unused Serialized files (Serialized files now loaded: 0)
System memory in use before: 74.0 MB.
System memory in use after: 74.1 MB.

Unloading 13 unused Assets to reduce memory usage. Loaded Objects now: 1981.
Total: 3.782500 ms (FindLiveObjects: 0.255600 ms CreateObjectMapping: 0.056800 ms MarkObjects: 3.442100 ms  DeleteObjects: 0.024500 ms)

AssetImportParameters requested are different than current active one (requested -> active):
  custom:framework-win-MediaFoundation: 216162199b28c13a410421893ffa2e32 -> 
  custom:video-decoder-ogg-theora: a1e56fd34408186e4bbccfd4996cb3dc -> 
  custom:container-muxer-webm: aa71ff27fc2769a1b78a27578f13a17b -> 
  custom:container-demuxer-webm: 4f35f7cbe854078d1ac9338744f61a02 -> 
  custom:container-demuxer-ogg: 62fdf1f143b41e24485cea50d1cbac27 -> 
  custom:video-encoder-webm-vp8: eb34c28f22e8b96e1ab97ce403110664 -> 
  custom:video-decoder-webm-vp8: 9c59270c3fd7afecdb556c50c9e8de78 -> 
  custom:audio-decoder-ogg-vorbis: bf7c407c2cedff20999df2af8eb42d56 -> 
  custom:audio-encoder-webm-vorbis: bf7c407c2cedff20999df2af8eb42d56 -> 
========================================================================
Received Prepare
Registering precompiled user dll's ...
Registered in 0.009005 seconds.
Begin MonoManager ReloadAssembly
Native extension for WindowsStandalone target not found
Refreshing native plugins compatible for Editor in 0.39 ms, found 2 plugins.
Preloading 0 native plugins for Editor in 0.00 ms.
Mono: successfully reloaded assembly
- Completed reload, in  1.199 seconds
Domain Reload Profiling:
	ReloadAssembly (1199ms)
		BeginReloadAssembly (128ms)
			ExecutionOrderSort (0ms)
			DisableScriptedObjects (7ms)
			BackupInstance (0ms)
			ReleaseScriptingObjects (0ms)
			CreateAndSetChildDomain (36ms)
		EndReloadAssembly (986ms)
			LoadAssemblies (96ms)
			RebuildTransferFunctionScriptingTraits (0ms)
			SetupTypeCache (305ms)
			ReleaseScriptCaches (1ms)
			RebuildScriptCaches (55ms)
			SetupLoadedEditorAssemblies (417ms)
				LogAssemblyErrors (0ms)
				InitializePlatformSupportModulesInManaged (5ms)
				SetLoadedEditorAssemblies (0ms)
				RefreshPlugins (0ms)
				BeforeProcessingInitializeOnLoad (85ms)
				ProcessInitializeOnLoadAttributes (307ms)
				ProcessInitializeOnLoadMethodAttributes (9ms)
				AfterProcessingInitializeOnLoad (9ms)
				EditorAssembliesLoaded (0ms)
			ExecutionOrderSort2 (0ms)
			AwakeInstancesAfterBackupRestoration (9ms)
Platform modules already initialized, skipping
Refreshing native plugins compatible for Editor in 0.45 ms, found 2 plugins.
Preloading 0 native plugins for Editor in 0.00 ms.
Unloading 1512 Unused Serialized files (Serialized files now loaded: 0)
System memory in use before: 74.0 MB.
System memory in use after: 74.1 MB.

Unloading 13 unused Assets to reduce memory usage. Loaded Objects now: 1983.
Total: 2.997900 ms (FindLiveObjects: 0.162300 ms CreateObjectMapping: 0.048000 ms MarkObjects: 2.741100 ms  DeleteObjects: 0.045500 ms)

AssetImportParameters requested are different than current active one (requested -> active):
  custom:framework-win-MediaFoundation: 216162199b28c13a410421893ffa2e32 -> 
  custom:video-decoder-ogg-theora: a1e56fd34408186e4bbccfd4996cb3dc -> 
  custom:container-muxer-webm: aa71ff27fc2769a1b78a27578f13a17b -> 
  custom:container-demuxer-webm: 4f35f7cbe854078d1ac9338744f61a02 -> 
  custom:container-demuxer-ogg: 62fdf1f143b41e24485cea50d1cbac27 -> 
  custom:video-encoder-webm-vp8: eb34c28f22e8b96e1ab97ce403110664 -> 
  custom:video-decoder-webm-vp8: 9c59270c3fd7afecdb556c50c9e8de78 -> 
  custom:audio-decoder-ogg-vorbis: bf7c407c2cedff20999df2af8eb42d56 -> 
  custom:audio-encoder-webm-vorbis: bf7c407c2cedff20999df2af8eb42d56 -> 
========================================================================
Received Prepare
Registering precompiled user dll's ...
Registered in 0.004343 seconds.
Begin MonoManager ReloadAssembly
Native extension for WindowsStandalone target not found
Refreshing native plugins compatible for Editor in 0.34 ms, found 2 plugins.
Preloading 0 native plugins for Editor in 0.00 ms.
Mono: successfully reloaded assembly
- Completed reload, in  1.148 seconds
Domain Reload Profiling:
	ReloadAssembly (1148ms)
		BeginReloadAssembly (117ms)
			ExecutionOrderSort (0ms)
			DisableScriptedObjects (7ms)
			BackupInstance (0ms)
			ReleaseScriptingObjects (0ms)
			CreateAndSetChildDomain (34ms)
		EndReloadAssembly (959ms)
			LoadAssemblies (92ms)
			RebuildTransferFunctionScriptingTraits (0ms)
			SetupTypeCache (293ms)
			ReleaseScriptCaches (1ms)
			RebuildScriptCaches (46ms)
			SetupLoadedEditorAssemblies (419ms)
				LogAssemblyErrors (0ms)
				InitializePlatformSupportModulesInManaged (6ms)
				SetLoadedEditorAssemblies (0ms)
				RefreshPlugins (0ms)
				BeforeProcessingInitializeOnLoad (86ms)
				ProcessInitializeOnLoadAttributes (310ms)
				ProcessInitializeOnLoadMethodAttributes (8ms)
				AfterProcessingInitializeOnLoad (8ms)
				EditorAssembliesLoaded (0ms)
			ExecutionOrderSort2 (0ms)
			AwakeInstancesAfterBackupRestoration (7ms)
Platform modules already initialized, skipping
Refreshing native plugins compatible for Editor in 0.38 ms, found 2 plugins.
Preloading 0 native plugins for Editor in 0.00 ms.
Unloading 1512 Unused Serialized files (Serialized files now loaded: 0)
System memory in use before: 74.0 MB.
System memory in use after: 74.1 MB.

Unloading 13 unused Assets to reduce memory usage. Loaded Objects now: 1985.
Total: 3.245100 ms (FindLiveObjects: 0.192700 ms CreateObjectMapping: 0.051200 ms MarkObjects: 2.979700 ms  DeleteObjects: 0.019400 ms)

AssetImportParameters requested are different than current active one (requested -> active):
  custom:framework-win-MediaFoundation: 216162199b28c13a410421893ffa2e32 -> 
  custom:video-decoder-ogg-theora: a1e56fd34408186e4bbccfd4996cb3dc -> 
  custom:container-muxer-webm: aa71ff27fc2769a1b78a27578f13a17b -> 
  custom:container-demuxer-webm: 4f35f7cbe854078d1ac9338744f61a02 -> 
  custom:container-demuxer-ogg: 62fdf1f143b41e24485cea50d1cbac27 -> 
  custom:video-encoder-webm-vp8: eb34c28f22e8b96e1ab97ce403110664 -> 
  custom:video-decoder-webm-vp8: 9c59270c3fd7afecdb556c50c9e8de78 -> 
  custom:audio-decoder-ogg-vorbis: bf7c407c2cedff20999df2af8eb42d56 -> 
  custom:audio-encoder-webm-vorbis: bf7c407c2cedff20999df2af8eb42d56 -> 
========================================================================
Received Prepare
Registering precompiled user dll's ...
Registered in 0.021272 seconds.
Begin MonoManager ReloadAssembly
Native extension for WindowsStandalone target not found
Refreshing native plugins compatible for Editor in 0.48 ms, found 2 plugins.
Preloading 0 native plugins for Editor in 0.00 ms.
Mono: successfully reloaded assembly
- Completed reload, in  1.233 seconds
Domain Reload Profiling:
	ReloadAssembly (1233ms)
		BeginReloadAssembly (128ms)
			ExecutionOrderSort (0ms)
			DisableScriptedObjects (7ms)
			BackupInstance (0ms)
			ReleaseScriptingObjects (0ms)
			CreateAndSetChildDomain (38ms)
		EndReloadAssembly (1027ms)
			LoadAssemblies (108ms)
			RebuildTransferFunctionScriptingTraits (0ms)
			SetupTypeCache (294ms)
			ReleaseScriptCaches (1ms)
			RebuildScriptCaches (47ms)
			SetupLoadedEditorAssemblies (475ms)
				LogAssemblyErrors (0ms)
				InitializePlatformSupportModulesInManaged (6ms)
				SetLoadedEditorAssemblies (1ms)
				RefreshPlugins (1ms)
				BeforeProcessingInitializeOnLoad (114ms)
				ProcessInitializeOnLoadAttributes (339ms)
				ProcessInitializeOnLoadMethodAttributes (7ms)
				AfterProcessingInitializeOnLoad (8ms)
				EditorAssembliesLoaded (0ms)
			ExecutionOrderSort2 (0ms)
			AwakeInstancesAfterBackupRestoration (7ms)
Platform modules already initialized, skipping
Refreshing native plugins compatible for Editor in 0.37 ms, found 2 plugins.
Preloading 0 native plugins for Editor in 0.00 ms.
Unloading 1512 Unused Serialized files (Serialized files now loaded: 0)
System memory in use before: 74.0 MB.
System memory in use after: 74.1 MB.

Unloading 13 unused Assets to reduce memory usage. Loaded Objects now: 1987.
Total: 3.539000 ms (FindLiveObjects: 0.153800 ms CreateObjectMapping: 0.050000 ms MarkObjects: 3.282700 ms  DeleteObjects: 0.051200 ms)

AssetImportParameters requested are different than current active one (requested -> active):
  custom:framework-win-MediaFoundation: 216162199b28c13a410421893ffa2e32 -> 
  custom:video-decoder-ogg-theora: a1e56fd34408186e4bbccfd4996cb3dc -> 
  custom:container-muxer-webm: aa71ff27fc2769a1b78a27578f13a17b -> 
  custom:container-demuxer-webm: 4f35f7cbe854078d1ac9338744f61a02 -> 
  custom:container-demuxer-ogg: 62fdf1f143b41e24485cea50d1cbac27 -> 
  custom:video-encoder-webm-vp8: eb34c28f22e8b96e1ab97ce403110664 -> 
  custom:video-decoder-webm-vp8: 9c59270c3fd7afecdb556c50c9e8de78 -> 
  custom:audio-decoder-ogg-vorbis: bf7c407c2cedff20999df2af8eb42d56 -> 
  custom:audio-encoder-webm-vorbis: bf7c407c2cedff20999df2af8eb42d56 -> 
========================================================================
Received Prepare
Registering precompiled user dll's ...
Registered in 0.005764 seconds.
Begin MonoManager ReloadAssembly
Native extension for WindowsStandalone target not found
Refreshing native plugins compatible for Editor in 0.34 ms, found 2 plugins.
Preloading 0 native plugins for Editor in 0.00 ms.
Mono: successfully reloaded assembly
- Completed reload, in  1.243 seconds
Domain Reload Profiling:
	ReloadAssembly (1243ms)
		BeginReloadAssembly (132ms)
			ExecutionOrderSort (0ms)
			DisableScriptedObjects (10ms)
			BackupInstance (0ms)
			ReleaseScriptingObjects (0ms)
			CreateAndSetChildDomain (36ms)
		EndReloadAssembly (1038ms)
			LoadAssemblies (95ms)
			RebuildTransferFunctionScriptingTraits (0ms)
			SetupTypeCache (301ms)
			ReleaseScriptCaches (1ms)
			RebuildScriptCaches (49ms)
			SetupLoadedEditorAssemblies (468ms)
				LogAssemblyErrors (0ms)
				InitializePlatformSupportModulesInManaged (5ms)
				SetLoadedEditorAssemblies (0ms)
				RefreshPlugins (0ms)
				BeforeProcessingInitializeOnLoad (89ms)
				ProcessInitializeOnLoadAttributes (357ms)
				ProcessInitializeOnLoadMethodAttributes (7ms)
				AfterProcessingInitializeOnLoad (8ms)
				EditorAssembliesLoaded (0ms)
			ExecutionOrderSort2 (0ms)
			AwakeInstancesAfterBackupRestoration (7ms)
Platform modules already initialized, skipping
Refreshing native plugins compatible for Editor in 0.39 ms, found 2 plugins.
Preloading 0 native plugins for Editor in 0.00 ms.
Unloading 1512 Unused Serialized files (Serialized files now loaded: 0)
System memory in use before: 74.0 MB.
System memory in use after: 74.1 MB.

Unloading 13 unused Assets to reduce memory usage. Loaded Objects now: 1989.
Total: 4.026300 ms (FindLiveObjects: 0.469200 ms CreateObjectMapping: 0.211800 ms MarkObjects: 3.291900 ms  DeleteObjects: 0.052100 ms)

AssetImportParameters requested are different than current active one (requested -> active):
  custom:framework-win-MediaFoundation: 216162199b28c13a410421893ffa2e32 -> 
  custom:video-decoder-ogg-theora: a1e56fd34408186e4bbccfd4996cb3dc -> 
  custom:container-muxer-webm: aa71ff27fc2769a1b78a27578f13a17b -> 
  custom:container-demuxer-webm: 4f35f7cbe854078d1ac9338744f61a02 -> 
  custom:container-demuxer-ogg: 62fdf1f143b41e24485cea50d1cbac27 -> 
  custom:video-encoder-webm-vp8: eb34c28f22e8b96e1ab97ce403110664 -> 
  custom:video-decoder-webm-vp8: 9c59270c3fd7afecdb556c50c9e8de78 -> 
  custom:audio-decoder-ogg-vorbis: bf7c407c2cedff20999df2af8eb42d56 -> 
  custom:audio-encoder-webm-vorbis: bf7c407c2cedff20999df2af8eb42d56 -> 
========================================================================
Received Prepare
Registering precompiled user dll's ...
Registered in 0.004627 seconds.
Begin MonoManager ReloadAssembly
Native extension for WindowsStandalone target not found
Refreshing native plugins compatible for Editor in 0.34 ms, found 2 plugins.
Preloading 0 native plugins for Editor in 0.00 ms.
Mono: successfully reloaded assembly
- Completed reload, in  1.241 seconds
Domain Reload Profiling:
	ReloadAssembly (1241ms)
		BeginReloadAssembly (167ms)
			ExecutionOrderSort (0ms)
			DisableScriptedObjects (6ms)
			BackupInstance (0ms)
			ReleaseScriptingObjects (0ms)
			CreateAndSetChildDomain (61ms)
		EndReloadAssembly (1000ms)
			LoadAssemblies (108ms)
			RebuildTransferFunctionScriptingTraits (0ms)
			SetupTypeCache (291ms)
			ReleaseScriptCaches (1ms)
			RebuildScriptCaches (47ms)
			SetupLoadedEditorAssemblies (438ms)
				LogAssemblyErrors (0ms)
				InitializePlatformSupportModulesInManaged (5ms)
				SetLoadedEditorAssemblies (0ms)
				RefreshPlugins (0ms)
				BeforeProcessingInitializeOnLoad (96ms)
				ProcessInitializeOnLoadAttributes (319ms)
				ProcessInitializeOnLoadMethodAttributes (7ms)
				AfterProcessingInitializeOnLoad (10ms)
				EditorAssembliesLoaded (0ms)
			ExecutionOrderSort2 (0ms)
			AwakeInstancesAfterBackupRestoration (9ms)
Platform modules already initialized, skipping
Refreshing native plugins compatible for Editor in 0.36 ms, found 2 plugins.
Preloading 0 native plugins for Editor in 0.00 ms.
Unloading 1512 Unused Serialized files (Serialized files now loaded: 0)
System memory in use before: 74.0 MB.
System memory in use after: 74.1 MB.

Unloading 13 unused Assets to reduce memory usage. Loaded Objects now: 1991.
Total: 3.139800 ms (FindLiveObjects: 0.222400 ms CreateObjectMapping: 0.055900 ms MarkObjects: 2.810800 ms  DeleteObjects: 0.049600 ms)

AssetImportParameters requested are different than current active one (requested -> active):
  custom:framework-win-MediaFoundation: 216162199b28c13a410421893ffa2e32 -> 
  custom:video-decoder-ogg-theora: a1e56fd34408186e4bbccfd4996cb3dc -> 
  custom:container-muxer-webm: aa71ff27fc2769a1b78a27578f13a17b -> 
  custom:container-demuxer-webm: 4f35f7cbe854078d1ac9338744f61a02 -> 
  custom:container-demuxer-ogg: 62fdf1f143b41e24485cea50d1cbac27 -> 
  custom:video-encoder-webm-vp8: eb34c28f22e8b96e1ab97ce403110664 -> 
  custom:video-decoder-webm-vp8: 9c59270c3fd7afecdb556c50c9e8de78 -> 
  custom:audio-decoder-ogg-vorbis: bf7c407c2cedff20999df2af8eb42d56 -> 
  custom:audio-encoder-webm-vorbis: bf7c407c2cedff20999df2af8eb42d56 -> 
========================================================================
Received Import Request.
  Time since last request: 922.691409 seconds.
  path: Assets/Scripts/LevelSelect.cs
  artifactKey: Guid(98174c302fc5a694186e8297037aa4f3) Importer(815301076,1909f56bfc062723c751e8b465ee728b)
Start importing Assets/Scripts/LevelSelect.cs using Guid(98174c302fc5a694186e8297037aa4f3) Importer(815301076,1909f56bfc062723c751e8b465ee728b)  -> (artifact id: '80064abcd063ebd40657d00dd8a11b73') in 0.015258 seconds 
  Import took 0.019852 seconds .

========================================================================
Received Import Request.
  Time since last request: 0.030262 seconds.
  path: Assets/Scripts/LevelSelect.cs
  artifactKey: Guid(98174c302fc5a694186e8297037aa4f3) Importer(815301076,1909f56bfc062723c751e8b465ee728b)
Start importing Assets/Scripts/LevelSelect.cs using Guid(98174c302fc5a694186e8297037aa4f3) Importer(815301076,1909f56bfc062723c751e8b465ee728b)  -> (artifact id: '80064abcd063ebd40657d00dd8a11b73') in 0.023657 seconds 
  Import took 0.028825 seconds .

========================================================================
Received Import Request.
  Time since last request: 4.807039 seconds.
  path: Assets/Scripts/LevelSelect.cs
  artifactKey: Guid(98174c302fc5a694186e8297037aa4f3) Importer(815301076,1909f56bfc062723c751e8b465ee728b)
Start importing Assets/Scripts/LevelSelect.cs using Guid(98174c302fc5a694186e8297037aa4f3) Importer(815301076,1909f56bfc062723c751e8b465ee728b)  -> (artifact id: '79e82a1230599bed19165884d59923d1') in 0.005332 seconds 
  Import took 0.009629 seconds .

========================================================================
Received Import Request.
  Time since last request: 0.003099 seconds.
  path: Assets/Scripts/LevelSelect.cs
  artifactKey: Guid(98174c302fc5a694186e8297037aa4f3) Importer(815301076,1909f56bfc062723c751e8b465ee728b)
Start importing Assets/Scripts/LevelSelect.cs using Guid(98174c302fc5a694186e8297037aa4f3) Importer(815301076,1909f56bfc062723c751e8b465ee728b)  -> (artifact id: '79e82a1230599bed19165884d59923d1') in 0.004095 seconds 
  Import took 0.009994 seconds .

========================================================================
Received Import Request.
  Time since last request: 5.953368 seconds.
  path: Assets/Scripts/LevelSelect.cs
  artifactKey: Guid(98174c302fc5a694186e8297037aa4f3) Importer(815301076,1909f56bfc062723c751e8b465ee728b)
Start importing Assets/Scripts/LevelSelect.cs using Guid(98174c302fc5a694186e8297037aa4f3) Importer(815301076,1909f56bfc062723c751e8b465ee728b)  -> (artifact id: 'f135c68baf57186c301d5caa269c1d3f') in 0.004938 seconds 
  Import took 0.008836 seconds .

========================================================================
Received Import Request.
  Time since last request: 2.505455 seconds.
  path: Assets/Scripts/LevelSelect.cs
  artifactKey: Guid(98174c302fc5a694186e8297037aa4f3) Importer(815301076,1909f56bfc062723c751e8b465ee728b)
Start importing Assets/Scripts/LevelSelect.cs using Guid(98174c302fc5a694186e8297037aa4f3) Importer(815301076,1909f56bfc062723c751e8b465ee728b)  -> (artifact id: '3d0226b039dca7752d9d1474f3c582ab') in 0.004956 seconds 
  Import took 0.008717 seconds .

========================================================================
Received Prepare
Registering precompiled user dll's ...
Registered in 0.004304 seconds.
Begin MonoManager ReloadAssembly
Native extension for WindowsStandalone target not found
Refreshing native plugins compatible for Editor in 0.37 ms, found 2 plugins.
Preloading 0 native plugins for Editor in 0.00 ms.
Mono: successfully reloaded assembly
- Completed reload, in  1.230 seconds
Domain Reload Profiling:
	ReloadAssembly (1230ms)
		BeginReloadAssembly (133ms)
			ExecutionOrderSort (0ms)
			DisableScriptedObjects (7ms)
			BackupInstance (0ms)
			ReleaseScriptingObjects (0ms)
			CreateAndSetChildDomain (38ms)
		EndReloadAssembly (1006ms)
			LoadAssemblies (98ms)
			RebuildTransferFunctionScriptingTraits (0ms)
			SetupTypeCache (331ms)
			ReleaseScriptCaches (1ms)
			RebuildScriptCaches (56ms)
			SetupLoadedEditorAssemblies (394ms)
				LogAssemblyErrors (0ms)
				InitializePlatformSupportModulesInManaged (5ms)
				SetLoadedEditorAssemblies (0ms)
				RefreshPlugins (0ms)
				BeforeProcessingInitializeOnLoad (89ms)
				ProcessInitializeOnLoadAttributes (285ms)
				ProcessInitializeOnLoadMethodAttributes (7ms)
				AfterProcessingInitializeOnLoad (7ms)
				EditorAssembliesLoaded (0ms)
			ExecutionOrderSort2 (0ms)
			AwakeInstancesAfterBackupRestoration (7ms)
Platform modules already initialized, skipping
Refreshing native plugins compatible for Editor in 0.37 ms, found 2 plugins.
Preloading 0 native plugins for Editor in 0.00 ms.
Unloading 1512 Unused Serialized files (Serialized files now loaded: 0)
System memory in use before: 74.0 MB.
System memory in use after: 74.1 MB.

Unloading 13 unused Assets to reduce memory usage. Loaded Objects now: 1993.
Total: 3.234300 ms (FindLiveObjects: 0.173400 ms CreateObjectMapping: 0.054700 ms MarkObjects: 2.987800 ms  DeleteObjects: 0.017200 ms)

AssetImportParameters requested are different than current active one (requested -> active):
  custom:framework-win-MediaFoundation: 216162199b28c13a410421893ffa2e32 -> 
  custom:video-decoder-ogg-theora: a1e56fd34408186e4bbccfd4996cb3dc -> 
  custom:container-muxer-webm: aa71ff27fc2769a1b78a27578f13a17b -> 
  custom:container-demuxer-webm: 4f35f7cbe854078d1ac9338744f61a02 -> 
  custom:container-demuxer-ogg: 62fdf1f143b41e24485cea50d1cbac27 -> 
  custom:video-encoder-webm-vp8: eb34c28f22e8b96e1ab97ce403110664 -> 
  custom:video-decoder-webm-vp8: 9c59270c3fd7afecdb556c50c9e8de78 -> 
  custom:audio-decoder-ogg-vorbis: bf7c407c2cedff20999df2af8eb42d56 -> 
  custom:audio-encoder-webm-vorbis: bf7c407c2cedff20999df2af8eb42d56 -> 
========================================================================
Received Import Request.
  Time since last request: 20.012500 seconds.
  path: Assets/Buttons
  artifactKey: Guid(8e367246bd475894e94efaa46f47115e) Importer(815301076,1909f56bfc062723c751e8b465ee728b)
Start importing Assets/Buttons using Guid(8e367246bd475894e94efaa46f47115e) Importer(815301076,1909f56bfc062723c751e8b465ee728b)  -> (artifact id: 'dc0bcc5bab9d565af963af0cf378a476') in 0.014880 seconds 
  Import took 0.020041 seconds .

========================================================================
Received Import Request.
  Time since last request: 0.001435 seconds.
  path: Assets/Buttons
  artifactKey: Guid(8e367246bd475894e94efaa46f47115e) Importer(815301076,1909f56bfc062723c751e8b465ee728b)
Start importing Assets/Buttons using Guid(8e367246bd475894e94efaa46f47115e) Importer(815301076,1909f56bfc062723c751e8b465ee728b)  -> (artifact id: 'dc0bcc5bab9d565af963af0cf378a476') in 0.003875 seconds 
  Import took 0.008212 seconds .

========================================================================
Received Import Request.
  Time since last request: 15.785918 seconds.
  path: Assets/SFX
  artifactKey: Guid(683d587503a77c145bb636594f42c748) Importer(815301076,1909f56bfc062723c751e8b465ee728b)
Start importing Assets/SFX using Guid(683d587503a77c145bb636594f42c748) Importer(815301076,1909f56bfc062723c751e8b465ee728b)  -> (artifact id: 'dd95db3cae433f97e8ef5849bf03de73') in 0.011268 seconds 
  Import took 0.015093 seconds .

========================================================================
Received Import Request.
  Time since last request: 0.003733 seconds.
  path: Assets/SFX
  artifactKey: Guid(683d587503a77c145bb636594f42c748) Importer(815301076,1909f56bfc062723c751e8b465ee728b)
Start importing Assets/SFX using Guid(683d587503a77c145bb636594f42c748) Importer(815301076,1909f56bfc062723c751e8b465ee728b)  -> (artifact id: 'dd95db3cae433f97e8ef5849bf03de73') in 0.004002 seconds 
  Import took 0.008529 seconds .

========================================================================
Received Import Request.
  Time since last request: 14.821525 seconds.
  path: Assets/Scenes/Battle 2/NavMesh-NavMesh Surface.asset
  artifactKey: Guid(bc2b96a630584e447ab2cdd8d0844aad) Importer(815301076,1909f56bfc062723c751e8b465ee728b)
Start importing Assets/Scenes/Battle 2/NavMesh-NavMesh Surface.asset using Guid(bc2b96a630584e447ab2cdd8d0844aad) Importer(815301076,1909f56bfc062723c751e8b465ee728b)  -> (artifact id: '5d2a92902c73e18c846408744bd9051a') in 0.992555 seconds 
  Import took 0.996179 seconds .

========================================================================
Received Import Request.
  Time since last request: 0.000317 seconds.
  path: Assets/Scenes/Battle 3/NavMesh-NavMesh Surface.asset
  artifactKey: Guid(dad1f52d66e2d6149a08a6579bf94b32) Importer(815301076,1909f56bfc062723c751e8b465ee728b)
Start importing Assets/Scenes/Battle 3/NavMesh-NavMesh Surface.asset using Guid(dad1f52d66e2d6149a08a6579bf94b32) Importer(815301076,1909f56bfc062723c751e8b465ee728b)  -> (artifact id: 'f7665fb1d02e396ad16de89bb1b85ffd') in 0.003467 seconds 
  Import took 0.006963 seconds .

========================================================================
Received Import Request.
  Time since last request: 0.000463 seconds.
  path: Assets/Scenes/Battle 4/NavMesh-NavMesh Surface.asset
  artifactKey: Guid(0bbd288d7affecb478a4b69e132a566d) Importer(815301076,1909f56bfc062723c751e8b465ee728b)
Start importing Assets/Scenes/Battle 4/NavMesh-NavMesh Surface.asset using Guid(0bbd288d7affecb478a4b69e132a566d) Importer(815301076,1909f56bfc062723c751e8b465ee728b)  -> (artifact id: '10210da5b51cf373cf696a830853db4e') in 0.004037 seconds 
  Import took 0.010339 seconds .

========================================================================
Received Import Request.
  Time since last request: 0.048418 seconds.
  path: Assets/Scenes/Battle 6/NavMesh-NavMesh Surface.asset
  artifactKey: Guid(51247854aec354f428668e28017ff4b8) Importer(815301076,1909f56bfc062723c751e8b465ee728b)
Start importing Assets/Scenes/Battle 6/NavMesh-NavMesh Surface.asset using Guid(51247854aec354f428668e28017ff4b8) Importer(815301076,1909f56bfc062723c751e8b465ee728b)  -> (artifact id: '23dd30cbb9c284b3cd6634295da41e78') in 0.004058 seconds 
  Import took 0.007455 seconds .

========================================================================
Received Import Request.
  Time since last request: 0.376271 seconds.
  path: Assets/Scenes/Battle 7/NavMesh-NavMesh Surface.asset
  artifactKey: Guid(ac90a1172ef269940bcbdb059ae766cc) Importer(815301076,1909f56bfc062723c751e8b465ee728b)
Start importing Assets/Scenes/Battle 7/NavMesh-NavMesh Surface.asset using Guid(ac90a1172ef269940bcbdb059ae766cc) Importer(815301076,1909f56bfc062723c751e8b465ee728b)  -> (artifact id: 'ac83c4056da58f921bd4972fc0435f45') in 0.004498 seconds 
  Import took 0.008808 seconds .

========================================================================
Received Import Request.
  Time since last request: 0.440083 seconds.
  path: Assets/Scenes/Battle 5/NavMesh-NavMesh Surface.asset
  artifactKey: Guid(50c3d6ec32d08aa42b1818bf917a2cbf) Importer(815301076,1909f56bfc062723c751e8b465ee728b)
Start importing Assets/Scenes/Battle 5/NavMesh-NavMesh Surface.asset using Guid(50c3d6ec32d08aa42b1818bf917a2cbf) Importer(815301076,1909f56bfc062723c751e8b465ee728b)  -> (artifact id: '783a9b3c921f28110fbedb18e30e885c') in 0.003638 seconds 
  Import took 0.007225 seconds .

========================================================================
Received Import Request.
  Time since last request: 4.343379 seconds.
  path: Assets/Scenes/Battle 8/NavMesh-NavMesh Surface.asset
  artifactKey: Guid(6849525f29c94ad488994f24e5cc8d36) Importer(815301076,1909f56bfc062723c751e8b465ee728b)
Start importing Assets/Scenes/Battle 8/NavMesh-NavMesh Surface.asset using Guid(6849525f29c94ad488994f24e5cc8d36) Importer(815301076,1909f56bfc062723c751e8b465ee728b)  -> (artifact id: '94b206be1f6cda032799e77ec601ef5e') in 0.003737 seconds 
  Import took 0.007210 seconds .

========================================================================
Received Prepare
Registering precompiled user dll's ...
Registered in 0.006005 seconds.
Begin MonoManager ReloadAssembly
Native extension for WindowsStandalone target not found
Refreshing native plugins compatible for Editor in 0.34 ms, found 2 plugins.
Preloading 0 native plugins for Editor in 0.00 ms.
Mono: successfully reloaded assembly
- Completed reload, in  1.474 seconds
Domain Reload Profiling:
	ReloadAssembly (1475ms)
		BeginReloadAssembly (132ms)
			ExecutionOrderSort (0ms)
			DisableScriptedObjects (6ms)
			BackupInstance (0ms)
			ReleaseScriptingObjects (0ms)
			CreateAndSetChildDomain (40ms)
		EndReloadAssembly (1271ms)
			LoadAssemblies (99ms)
			RebuildTransferFunctionScriptingTraits (0ms)
			SetupTypeCache (625ms)
			ReleaseScriptCaches (1ms)
			RebuildScriptCaches (54ms)
			SetupLoadedEditorAssemblies (379ms)
				LogAssemblyErrors (0ms)
				InitializePlatformSupportModulesInManaged (5ms)
				SetLoadedEditorAssemblies (1ms)
				RefreshPlugins (0ms)
				BeforeProcessingInitializeOnLoad (87ms)
				ProcessInitializeOnLoadAttributes (271ms)
				ProcessInitializeOnLoadMethodAttributes (8ms)
				AfterProcessingInitializeOnLoad (7ms)
				EditorAssembliesLoaded (0ms)
			ExecutionOrderSort2 (0ms)
			AwakeInstancesAfterBackupRestoration (8ms)
Platform modules already initialized, skipping
Refreshing native plugins compatible for Editor in 0.38 ms, found 2 plugins.
Preloading 0 native plugins for Editor in 0.00 ms.
Unloading 1512 Unused Serialized files (Serialized files now loaded: 0)
System memory in use before: 74.0 MB.
System memory in use after: 74.1 MB.

Unloading 13 unused Assets to reduce memory usage. Loaded Objects now: 1995.
Total: 3.428200 ms (FindLiveObjects: 0.176600 ms CreateObjectMapping: 0.053400 ms MarkObjects: 3.150400 ms  DeleteObjects: 0.046300 ms)

AssetImportParameters requested are different than current active one (requested -> active):
  custom:framework-win-MediaFoundation: 216162199b28c13a410421893ffa2e32 -> 
  custom:video-decoder-ogg-theora: a1e56fd34408186e4bbccfd4996cb3dc -> 
  custom:container-muxer-webm: aa71ff27fc2769a1b78a27578f13a17b -> 
  custom:container-demuxer-webm: 4f35f7cbe854078d1ac9338744f61a02 -> 
  custom:container-demuxer-ogg: 62fdf1f143b41e24485cea50d1cbac27 -> 
  custom:video-encoder-webm-vp8: eb34c28f22e8b96e1ab97ce403110664 -> 
  custom:video-decoder-webm-vp8: 9c59270c3fd7afecdb556c50c9e8de78 -> 
  custom:audio-decoder-ogg-vorbis: bf7c407c2cedff20999df2af8eb42d56 -> 
  custom:audio-encoder-webm-vorbis: bf7c407c2cedff20999df2af8eb42d56 -> 
========================================================================
Received Import Request.
  Time since last request: 1433.682960 seconds.
  path: Assets/LEVELS.png
  artifactKey: Guid(13fb0adf49736fc42bb36f2ebf1a5bc7) Importer(815301076,1909f56bfc062723c751e8b465ee728b)
Start importing Assets/LEVELS.png using Guid(13fb0adf49736fc42bb36f2ebf1a5bc7) Importer(815301076,1909f56bfc062723c751e8b465ee728b)  -> (artifact id: 'c2d1da52e2761e3aba7d1bcce4375720') in 0.416411 seconds 
  Import took 0.420660 seconds .

========================================================================
Received Import Request.
  Time since last request: 16.593531 seconds.
  path: Assets/Scripts/MainMenu.cs
  artifactKey: Guid(6eca029686c52224ca05e3e3aa112c5d) Importer(815301076,1909f56bfc062723c751e8b465ee728b)
Start importing Assets/Scripts/MainMenu.cs using Guid(6eca029686c52224ca05e3e3aa112c5d) Importer(815301076,1909f56bfc062723c751e8b465ee728b)  -> (artifact id: '038beb7f224863b7ff849e9553cc6b52') in 0.011872 seconds 
  Import took 0.015280 seconds .

========================================================================
Received Import Request.
  Time since last request: 0.001890 seconds.
  path: Assets/Scripts/MainMenu.cs
  artifactKey: Guid(6eca029686c52224ca05e3e3aa112c5d) Importer(815301076,1909f56bfc062723c751e8b465ee728b)
Start importing Assets/Scripts/MainMenu.cs using Guid(6eca029686c52224ca05e3e3aa112c5d) Importer(815301076,1909f56bfc062723c751e8b465ee728b)  -> (artifact id: '038beb7f224863b7ff849e9553cc6b52') in 0.003681 seconds 
  Import took 0.008155 seconds .

========================================================================
Received Import Request.
  Time since last request: 16.925784 seconds.
  path: Assets/Scripts/MainMenu.cs
  artifactKey: Guid(6eca029686c52224ca05e3e3aa112c5d) Importer(815301076,1909f56bfc062723c751e8b465ee728b)
Start importing Assets/Scripts/MainMenu.cs using Guid(6eca029686c52224ca05e3e3aa112c5d) Importer(815301076,1909f56bfc062723c751e8b465ee728b)  -> (artifact id: '9737833465e20e8f13d2d5e780295d68') in 0.004939 seconds 
  Import took 0.009056 seconds .

========================================================================
Received Import Request.
  Time since last request: 5.408280 seconds.
  path: Assets/Scripts/MainMenu.cs
  artifactKey: Guid(6eca029686c52224ca05e3e3aa112c5d) Importer(815301076,1909f56bfc062723c751e8b465ee728b)
Start importing Assets/Scripts/MainMenu.cs using Guid(6eca029686c52224ca05e3e3aa112c5d) Importer(815301076,1909f56bfc062723c751e8b465ee728b)  -> (artifact id: '1838ef50fe7b5d97e7770a92e238e065') in 0.004862 seconds 
  Import took 0.008413 seconds .

========================================================================
Received Import Request.
  Time since last request: 8.808070 seconds.
  path: Assets/Scripts/MainMenu.cs
  artifactKey: Guid(6eca029686c52224ca05e3e3aa112c5d) Importer(815301076,1909f56bfc062723c751e8b465ee728b)
Start importing Assets/Scripts/MainMenu.cs using Guid(6eca029686c52224ca05e3e3aa112c5d) Importer(815301076,1909f56bfc062723c751e8b465ee728b)  -> (artifact id: '42518219d60d6d545d8489d806fdf464') in 0.006906 seconds 
  Import took 0.011163 seconds .

========================================================================
Received Import Request.
  Time since last request: 9.208329 seconds.
  path: Assets/Scripts/MainMenu.cs
  artifactKey: Guid(6eca029686c52224ca05e3e3aa112c5d) Importer(815301076,1909f56bfc062723c751e8b465ee728b)
Start importing Assets/Scripts/MainMenu.cs using Guid(6eca029686c52224ca05e3e3aa112c5d) Importer(815301076,1909f56bfc062723c751e8b465ee728b)  -> (artifact id: 'c19bd0069242320807cc11e58fec04de') in 0.005333 seconds 
  Import took 0.009093 seconds .

========================================================================
Received Import Request.
  Time since last request: 3.900989 seconds.
  path: Assets/Scripts/MainMenu.cs
  artifactKey: Guid(6eca029686c52224ca05e3e3aa112c5d) Importer(815301076,1909f56bfc062723c751e8b465ee728b)
Start importing Assets/Scripts/MainMenu.cs using Guid(6eca029686c52224ca05e3e3aa112c5d) Importer(815301076,1909f56bfc062723c751e8b465ee728b)  -> (artifact id: '104b36b9ae3c629c75ddec56d1a012ab') in 0.005010 seconds 
  Import took 0.008790 seconds .

========================================================================
Received Import Request.
  Time since last request: 0.001364 seconds.
  path: Assets/Scripts/MainMenu.cs
  artifactKey: Guid(6eca029686c52224ca05e3e3aa112c5d) Importer(815301076,1909f56bfc062723c751e8b465ee728b)
Start importing Assets/Scripts/MainMenu.cs using Guid(6eca029686c52224ca05e3e3aa112c5d) Importer(815301076,1909f56bfc062723c751e8b465ee728b)  -> (artifact id: '104b36b9ae3c629c75ddec56d1a012ab') in 0.003703 seconds 
  Import took 0.009882 seconds .

========================================================================
Received Import Request.
  Time since last request: 3.944400 seconds.
  path: Assets/Scripts/MainMenu.cs
  artifactKey: Guid(6eca029686c52224ca05e3e3aa112c5d) Importer(815301076,1909f56bfc062723c751e8b465ee728b)
Start importing Assets/Scripts/MainMenu.cs using Guid(6eca029686c52224ca05e3e3aa112c5d) Importer(815301076,1909f56bfc062723c751e8b465ee728b)  -> (artifact id: '541430e5183fb13ab843d4d43bb37e3b') in 0.004749 seconds 
  Import took 0.008004 seconds .

========================================================================
Received Prepare
Registering precompiled user dll's ...
Registered in 0.004553 seconds.
Begin MonoManager ReloadAssembly
Native extension for WindowsStandalone target not found
Refreshing native plugins compatible for Editor in 0.34 ms, found 2 plugins.
Preloading 0 native plugins for Editor in 0.00 ms.
Mono: successfully reloaded assembly
- Completed reload, in  1.213 seconds
Domain Reload Profiling:
	ReloadAssembly (1213ms)
		BeginReloadAssembly (138ms)
			ExecutionOrderSort (0ms)
			DisableScriptedObjects (6ms)
			BackupInstance (0ms)
			ReleaseScriptingObjects (0ms)
			CreateAndSetChildDomain (41ms)
		EndReloadAssembly (993ms)
			LoadAssemblies (112ms)
			RebuildTransferFunctionScriptingTraits (0ms)
			SetupTypeCache (313ms)
			ReleaseScriptCaches (1ms)
			RebuildScriptCaches (56ms)
			SetupLoadedEditorAssemblies (395ms)
				LogAssemblyErrors (0ms)
				InitializePlatformSupportModulesInManaged (7ms)
				SetLoadedEditorAssemblies (1ms)
				RefreshPlugins (0ms)
				BeforeProcessingInitializeOnLoad (86ms)
				ProcessInitializeOnLoadAttributes (284ms)
				ProcessInitializeOnLoadMethodAttributes (7ms)
				AfterProcessingInitializeOnLoad (9ms)
				EditorAssembliesLoaded (0ms)
			ExecutionOrderSort2 (0ms)
			AwakeInstancesAfterBackupRestoration (7ms)
Platform modules already initialized, skipping
Refreshing native plugins compatible for Editor in 1.07 ms, found 2 plugins.
Preloading 0 native plugins for Editor in 0.00 ms.
Unloading 1512 Unused Serialized files (Serialized files now loaded: 0)
System memory in use before: 74.0 MB.
System memory in use after: 74.1 MB.

Unloading 13 unused Assets to reduce memory usage. Loaded Objects now: 1998.
Total: 3.472900 ms (FindLiveObjects: 0.176800 ms CreateObjectMapping: 0.049100 ms MarkObjects: 3.112900 ms  DeleteObjects: 0.131400 ms)

AssetImportParameters requested are different than current active one (requested -> active):
  custom:framework-win-MediaFoundation: 216162199b28c13a410421893ffa2e32 -> 
  custom:video-decoder-ogg-theora: a1e56fd34408186e4bbccfd4996cb3dc -> 
  custom:container-muxer-webm: aa71ff27fc2769a1b78a27578f13a17b -> 
  custom:container-demuxer-webm: 4f35f7cbe854078d1ac9338744f61a02 -> 
  custom:container-demuxer-ogg: 62fdf1f143b41e24485cea50d1cbac27 -> 
  custom:video-encoder-webm-vp8: eb34c28f22e8b96e1ab97ce403110664 -> 
  custom:video-decoder-webm-vp8: 9c59270c3fd7afecdb556c50c9e8de78 -> 
  custom:audio-decoder-ogg-vorbis: bf7c407c2cedff20999df2af8eb42d56 -> 
  custom:audio-encoder-webm-vorbis: bf7c407c2cedff20999df2af8eb42d56 -> 
========================================================================
Received Prepare
Registering precompiled user dll's ...
Registered in 0.004469 seconds.
Begin MonoManager ReloadAssembly
Native extension for WindowsStandalone target not found
Refreshing native plugins compatible for Editor in 0.46 ms, found 2 plugins.
Preloading 0 native plugins for Editor in 0.00 ms.
Mono: successfully reloaded assembly
- Completed reload, in  1.144 seconds
Domain Reload Profiling:
	ReloadAssembly (1144ms)
		BeginReloadAssembly (109ms)
			ExecutionOrderSort (0ms)
			DisableScriptedObjects (6ms)
			BackupInstance (0ms)
			ReleaseScriptingObjects (0ms)
			CreateAndSetChildDomain (33ms)
		EndReloadAssembly (968ms)
			LoadAssemblies (87ms)
			RebuildTransferFunctionScriptingTraits (0ms)
			SetupTypeCache (293ms)
			ReleaseScriptCaches (1ms)
			RebuildScriptCaches (47ms)
			SetupLoadedEditorAssemblies (408ms)
				LogAssemblyErrors (0ms)
				InitializePlatformSupportModulesInManaged (5ms)
				SetLoadedEditorAssemblies (1ms)
				RefreshPlugins (1ms)
				BeforeProcessingInitializeOnLoad (85ms)
				ProcessInitializeOnLoadAttributes (299ms)
				ProcessInitializeOnLoadMethodAttributes (9ms)
				AfterProcessingInitializeOnLoad (9ms)
				EditorAssembliesLoaded (0ms)
			ExecutionOrderSort2 (0ms)
			AwakeInstancesAfterBackupRestoration (8ms)
Platform modules already initialized, skipping
Refreshing native plugins compatible for Editor in 0.66 ms, found 2 plugins.
Preloading 0 native plugins for Editor in 0.00 ms.
Unloading 1512 Unused Serialized files (Serialized files now loaded: 0)
System memory in use before: 74.0 MB.
System memory in use after: 74.1 MB.

Unloading 13 unused Assets to reduce memory usage. Loaded Objects now: 2000.
Total: 3.477600 ms (FindLiveObjects: 0.168600 ms CreateObjectMapping: 0.049400 ms MarkObjects: 3.209800 ms  DeleteObjects: 0.048500 ms)

AssetImportParameters requested are different than current active one (requested -> active):
  custom:framework-win-MediaFoundation: 216162199b28c13a410421893ffa2e32 -> 
  custom:video-decoder-ogg-theora: a1e56fd34408186e4bbccfd4996cb3dc -> 
  custom:container-muxer-webm: aa71ff27fc2769a1b78a27578f13a17b -> 
  custom:container-demuxer-webm: 4f35f7cbe854078d1ac9338744f61a02 -> 
  custom:container-demuxer-ogg: 62fdf1f143b41e24485cea50d1cbac27 -> 
  custom:video-encoder-webm-vp8: eb34c28f22e8b96e1ab97ce403110664 -> 
  custom:video-decoder-webm-vp8: 9c59270c3fd7afecdb556c50c9e8de78 -> 
  custom:audio-decoder-ogg-vorbis: bf7c407c2cedff20999df2af8eb42d56 -> 
  custom:audio-encoder-webm-vorbis: bf7c407c2cedff20999df2af8eb42d56 -> 
========================================================================
Received Import Request.
  Time since last request: 97.973898 seconds.
  path: Assets/Scripts/WalkingAlly.cs
  artifactKey: Guid(4e5e83f8865ec354ba82e95563f0620e) Importer(815301076,1909f56bfc062723c751e8b465ee728b)
Start importing Assets/Scripts/WalkingAlly.cs using Guid(4e5e83f8865ec354ba82e95563f0620e) Importer(815301076,1909f56bfc062723c751e8b465ee728b)  -> (artifact id: '1e7226fe005cc64a02050c9c13b5ddce') in 0.010526 seconds 
  Import took 0.013670 seconds .

========================================================================
Received Import Request.
  Time since last request: 0.028586 seconds.
  path: Assets/Scripts/WalkingAlly.cs
  artifactKey: Guid(4e5e83f8865ec354ba82e95563f0620e) Importer(815301076,1909f56bfc062723c751e8b465ee728b)
Start importing Assets/Scripts/WalkingAlly.cs using Guid(4e5e83f8865ec354ba82e95563f0620e) Importer(815301076,1909f56bfc062723c751e8b465ee728b)  -> (artifact id: '1e7226fe005cc64a02050c9c13b5ddce') in 0.004360 seconds 
  Import took 0.008484 seconds .

========================================================================
Received Prepare
Registering precompiled user dll's ...
Registered in 0.005963 seconds.
Begin MonoManager ReloadAssembly
Native extension for WindowsStandalone target not found
Refreshing native plugins compatible for Editor in 0.35 ms, found 2 plugins.
Preloading 0 native plugins for Editor in 0.00 ms.
Mono: successfully reloaded assembly
- Completed reload, in  1.934 seconds
Domain Reload Profiling:
	ReloadAssembly (1935ms)
		BeginReloadAssembly (225ms)
			ExecutionOrderSort (0ms)
			DisableScriptedObjects (13ms)
			BackupInstance (0ms)
			ReleaseScriptingObjects (0ms)
			CreateAndSetChildDomain (53ms)
		EndReloadAssembly (1453ms)
			LoadAssemblies (184ms)
			RebuildTransferFunctionScriptingTraits (0ms)
			SetupTypeCache (656ms)
			ReleaseScriptCaches (2ms)
			RebuildScriptCaches (85ms)
			SetupLoadedEditorAssemblies (426ms)
				LogAssemblyErrors (0ms)
				InitializePlatformSupportModulesInManaged (5ms)
				SetLoadedEditorAssemblies (0ms)
				RefreshPlugins (0ms)
				BeforeProcessingInitializeOnLoad (93ms)
				ProcessInitializeOnLoadAttributes (309ms)
				ProcessInitializeOnLoadMethodAttributes (9ms)
				AfterProcessingInitializeOnLoad (9ms)
				EditorAssembliesLoaded (0ms)
			ExecutionOrderSort2 (0ms)
			AwakeInstancesAfterBackupRestoration (10ms)
Platform modules already initialized, skipping
Refreshing native plugins compatible for Editor in 0.41 ms, found 2 plugins.
Preloading 0 native plugins for Editor in 0.00 ms.
Unloading 1512 Unused Serialized files (Serialized files now loaded: 0)
System memory in use before: 74.0 MB.
System memory in use after: 74.1 MB.

Unloading 13 unused Assets to reduce memory usage. Loaded Objects now: 2002.
Total: 3.579600 ms (FindLiveObjects: 0.290600 ms CreateObjectMapping: 0.120000 ms MarkObjects: 3.118900 ms  DeleteObjects: 0.048400 ms)

AssetImportParameters requested are different than current active one (requested -> active):
  custom:framework-win-MediaFoundation: 216162199b28c13a410421893ffa2e32 -> 
  custom:video-decoder-ogg-theora: a1e56fd34408186e4bbccfd4996cb3dc -> 
  custom:container-muxer-webm: aa71ff27fc2769a1b78a27578f13a17b -> 
  custom:container-demuxer-webm: 4f35f7cbe854078d1ac9338744f61a02 -> 
  custom:container-demuxer-ogg: 62fdf1f143b41e24485cea50d1cbac27 -> 
  custom:video-encoder-webm-vp8: eb34c28f22e8b96e1ab97ce403110664 -> 
  custom:video-decoder-webm-vp8: 9c59270c3fd7afecdb556c50c9e8de78 -> 
  custom:audio-decoder-ogg-vorbis: bf7c407c2cedff20999df2af8eb42d56 -> 
  custom:audio-encoder-webm-vorbis: bf7c407c2cedff20999df2af8eb42d56 -> 
========================================================================
Received Import Request.
  Time since last request: 20.178428 seconds.
  path: Assets/Scripts/WalkingEnemy.cs
  artifactKey: Guid(38a49e95c6752434f89a64dc337fe254) Importer(815301076,1909f56bfc062723c751e8b465ee728b)
Start importing Assets/Scripts/WalkingEnemy.cs using Guid(38a49e95c6752434f89a64dc337fe254) Importer(815301076,1909f56bfc062723c751e8b465ee728b)  -> (artifact id: '7284627c7ba12134203db19fba61f90f') in 0.011720 seconds 
  Import took 0.015796 seconds .

========================================================================
Received Prepare
Refreshing native plugins compatible for Editor in 2.93 ms, found 2 plugins.
Preloading 0 native plugins for Editor in 0.00 ms.
Unloading 12 Unused Serialized files (Serialized files now loaded: 0)
System memory in use before: 44.4 MB.
System memory in use after: 44.5 MB.

Unloading 11 unused Assets to reduce memory usage. Loaded Objects now: 2002.
Total: 3.057000 ms (FindLiveObjects: 0.171200 ms CreateObjectMapping: 0.054200 ms MarkObjects: 2.816600 ms  DeleteObjects: 0.014200 ms)

AssetImportParameters requested are different than current active one (requested -> active):
  custom:framework-win-MediaFoundation: 216162199b28c13a410421893ffa2e32 -> 
  custom:video-decoder-ogg-theora: a1e56fd34408186e4bbccfd4996cb3dc -> 
  custom:container-muxer-webm: aa71ff27fc2769a1b78a27578f13a17b -> 
  custom:container-demuxer-webm: 4f35f7cbe854078d1ac9338744f61a02 -> 
  custom:container-demuxer-ogg: 62fdf1f143b41e24485cea50d1cbac27 -> 
  custom:video-encoder-webm-vp8: eb34c28f22e8b96e1ab97ce403110664 -> 
  custom:video-decoder-webm-vp8: 9c59270c3fd7afecdb556c50c9e8de78 -> 
  custom:audio-decoder-ogg-vorbis: bf7c407c2cedff20999df2af8eb42d56 -> 
  custom:audio-encoder-webm-vorbis: bf7c407c2cedff20999df2af8eb42d56 -> 
AssetImportWorkerClient::OnTransportError - code=2 error=End of file
